<?xml version="1.0" encoding="UTF-8"?>
<testsuite xmlns:xsi="http://www.w3.org/2001/XMLSchema-instance" xsi:noNamespaceSchemaLocation="https://maven.apache.org/surefire/maven-surefire-plugin/xsd/surefire-test-report-3.0.xsd" version="3.0" name="com.pricecomparator.service.ValueUnitTest" time="0.056" tests="5" errors="0" skipped="0" failures="0">
  <properties>
[...]
</properties>
  <testcase name="testBestValuePerUnit_l" classname="com.pricecomparator.service.ValueUnitTest" time="0.013">
    <system-out><![CDATA[Value comparison for Milk
Store: Kaufland, Milk - 4,00 RON per l 
Store: Lidl, Milk - 4,50 RON per l 
Best value: Kaufland (4,00 RON per l)
]]></system-out>
  </testcase>
  <testcase name="testBestValuePerUnit_unknownUnit" classname="com.pricecomparator.service.ValueUnitTest" time="0.014">
    <system-out><![CDATA[Value comparison for Mystery
Warning: Unknown unit 'unknown' for product Mystery
Store: Kaufland, Mystery - 10,00 RON per  
Best value: Kaufland (10,00 RON per )
]]></system-out>
  </testcase>
  <testcase name="testBestValuePerUnit_buc" classname="com.pricecomparator.service.ValueUnitTest" time="0.007">
    <system-out><![CDATA[Value comparison for Eggs
Store: Kaufland, Eggs - 1,20 RON per buc 
Store: Lidl, Eggs - 1,00 RON per buc 
Best value: Lidl (1,00 RON per buc)
]]></system-out>
  </testcase>
  <testcase name="testBestValuePerUnit_kg" classname="com.pricecomparator.service.ValueUnitTest" time="0.006">
    <system-out><![CDATA[Value comparison for Banana
Store: Kaufland, Banana - 5,00 RON per kg 
Store: Lidl, Banana - 5,00 RON per kg 
Best value: Lidl (5,00 RON per kg)
]]></system-out>
  </testcase>
  <testcase name="testBestValuePerUnit_noProduct" classname="com.pricecomparator.service.ValueUnitTest" time="0.004">
    <system-out><![CDATA[Value comparison for 
No products found with ID: P5
]]></system-out>
  </testcase>
</testsuite>